<?xml version="1.0" encoding="UTF-8"?>
<!-- Generated by org.testng.reporters.JUnitReportReporter -->
<testsuite skipped="0" hostname="DESKTOP-ESONBTR" name="com.nabhoware.test.Sampleprogram" tests="2" failures="0" timestamp="11 Mar 2021 10:34:42 GMT" time="0.012" errors="0">
  <testcase name="Createcontact" time="0.011" classname="com.nabhoware.test.Sampleprogram"/>
  <testcase name="Createcontactwithmob" time="0.001" classname="com.nabhoware.test.Sampleprogram"/>
</testsuite> <!-- com.nabhoware.test.Sampleprogram -->
